<?xml version="1.0" encoding="UTF-8"?>
<!-- Generated by org.testng.reporters.JUnitReportReporter -->
<testsuite hostname="LAPTOP-GQGQPERM" failures="0" tests="3" name="SLK.TestNg.App2" time="0.003" errors="0" timestamp="2024-10-10T19:00:21 IST" skipped="0">
  <testcase classname="SLK.TestNg.App2" name="ut" time="0.001"/>
  <system-out/>
  <testcase classname="SLK.TestNg.App2" name="utu" time="0.001"/>
  <system-out/>
  <testcase classname="SLK.TestNg.App2" name="u" time="0.001"/>
  <system-out/>
</testsuite> <!-- SLK.TestNg.App2 -->
