<?xml version="1.0" encoding="UTF-8"?>
<!-- Generated by org.testng.reporters.JUnitReportReporter -->
<testsuite hostname="LAPTOP-GQGQPERM" failures="0" tests="4" name="SLK.TestNg.App" time="0.018" errors="0" timestamp="2024-10-10T19:00:21 IST" skipped="0">
  <testcase classname="SLK.TestNg.App" name="t" time="0.015"/>
  <system-out/>
  <testcase classname="SLK.TestNg.App" name="testi" time="0.001"/>
  <system-out/>
  <testcase classname="SLK.TestNg.App" name="tests" time="0.001"/>
  <system-out/>
  <testcase classname="SLK.TestNg.App" name="tes" time="0.001"/>
  <system-out/>
</testsuite> <!-- SLK.TestNg.App -->
